<?xml version="1.0" encoding="UTF-8"?>
<!-- Generated by org.testng.reporters.JUnitReportReporter -->
<testsuite hostname="Ekanshs-MacBook-Air.local" failures="0" tests="1" name="tests.LoginTest" time="2.373" errors="0" timestamp="2025-04-11T02:15:11 IST" skipped="0">
  <testcase classname="tests.LoginTest" name="testValidLogin" time="2.373"/>
  <system-out/>
</testsuite> <!-- tests.LoginTest -->
