<?xml version="1.0" encoding="UTF-8"?>
<!-- Generated by org.testng.reporters.JUnitReportReporter -->
<testsuite hostname="Ekanshs-MacBook-Air.local" failures="0" tests="1" name="tests.TestAddToCart" time="6.239" errors="0" timestamp="2025-04-04T20:18:25 IST" skipped="0">
  <testcase classname="tests.TestAddToCart" name="testAddToCart" time="6.239"/>
  <system-out/>
</testsuite> <!-- tests.TestAddToCart -->
