<?xml version="1.0" encoding="UTF-8"?>
<!-- Generated by org.testng.reporters.JUnitReportReporter -->
<testsuite hostname="Ekanshs-MacBook-Air.local" failures="0" tests="1" name="tests.LoginTest" time="5.381" errors="0" timestamp="2025-04-04T10:00:29 IST" skipped="0">
  <testcase classname="tests.LoginTest" name="testLogin" time="5.381"/>
  <system-out/>
</testsuite> <!-- tests.LoginTest -->
