<?xml version="1.0" encoding="UTF-8"?>
<!-- Generated by org.testng.reporters.JUnitReportReporter -->
<testsuite hostname="Ekanshs-MacBook-Air.local" failures="0" tests="1" name="tests.CheckoutPageTest" time="2.956" errors="0" timestamp="2025-04-08T14:34:05 IST" skipped="0">
  <testcase classname="tests.CheckoutPageTest" name="testCheckoutFlow" time="2.956"/>
  <system-out/>
</testsuite> <!-- tests.CheckoutPageTest -->
