<?xml version="1.0" encoding="UTF-8"?>
<!-- Generated by org.testng.reporters.JUnitReportReporter -->
<testsuite hostname="Ekanshs-MacBook-Air.local" failures="0" tests="1" name="tests.CartPageTest" time="3.663" errors="0" timestamp="2025-04-08T14:13:15 IST" skipped="0">
  <testcase classname="tests.CartPageTest" name="testCartItemDisplayed" time="3.663"/>
  <system-out/>
</testsuite> <!-- tests.CartPageTest -->
